<?xml version="1.0" encoding="UTF-8"?>
<!-- Generated by org.testng.reporters.JUnitReportReporter -->
<testsuite hostname="DESKTOP-457862M" failures="0" tests="1" name="RestAssuredAutomation.RestAssuredAutomationEmployeeDetails.GetEmployeeRequest" time="5.023" errors="0" timestamp="2021-02-05T14:26:13 IST" skipped="0">
  <testcase classname="RestAssuredAutomation.RestAssuredAutomationEmployeeDetails.GetEmployeeRequest" name="getEmployeRequest" time="5.023"/>
  <system-out/>
</testsuite> <!-- RestAssuredAutomation.RestAssuredAutomationEmployeeDetails.GetEmployeeRequest -->
