<?xml version="1.0" encoding="UTF-8"?>
<!-- Generated by org.testng.reporters.JUnitReportReporter -->
<testsuite hostname="DESKTOP-457862M" failures="0" tests="1" name="RestAssuredAutomation.RestAssuredAutomationEmployeeDetails.GetRequestDemo" time="3.778" errors="0" timestamp="2021-02-05T14:27:16 IST" skipped="0">
  <testcase classname="RestAssuredAutomation.RestAssuredAutomationEmployeeDetails.GetRequestDemo" name="getRequest" time="3.778"/>
  <system-out/>
</testsuite> <!-- RestAssuredAutomation.RestAssuredAutomationEmployeeDetails.GetRequestDemo -->
