<?xml version="1.0" encoding="UTF-8"?>
<!-- Generated by org.testng.reporters.JUnitReportReporter -->
<testsuite hostname="DESKTOP-457862M" failures="0" tests="1" name="RestAssuredAutomation.RestAssuredAutomationEmployeeDetails.DeleteRequest" time="3.548" errors="0" timestamp="2021-02-05T14:25:20 IST" skipped="0">
  <testcase classname="RestAssuredAutomation.RestAssuredAutomationEmployeeDetails.DeleteRequest" name="deleteRequest" time="3.548"/>
  <system-out/>
</testsuite> <!-- RestAssuredAutomation.RestAssuredAutomationEmployeeDetails.DeleteRequest -->
